ARM GAS  /tmp/ccanCFPQ.s 			page 1


   1              		.cpu cortex-m4
   2              		.eabi_attribute 27, 1
   3              		.eabi_attribute 28, 1
   4              		.eabi_attribute 20, 1
   5              		.eabi_attribute 21, 1
   6              		.eabi_attribute 23, 3
   7              		.eabi_attribute 24, 1
   8              		.eabi_attribute 25, 1
   9              		.eabi_attribute 26, 1
  10              		.eabi_attribute 30, 1
  11              		.eabi_attribute 34, 1
  12              		.eabi_attribute 18, 4
  13              		.file	"power.c"
  14              		.text
  15              	.Ltext0:
  16              		.cfi_sections	.debug_frame
  17              		.section	.text.powerSetVOS,"ax",%progbits
  18              		.align	1
  19              		.global	powerSetVOS
  20              		.arch armv7e-m
  21              		.syntax unified
  22              		.thumb
  23              		.thumb_func
  24              		.fpu fpv4-sp-d16
  26              	powerSetVOS:
  27              	.LVL0:
  28              	.LFB0:
  29              		.file 1 "modules/drivers/power/power.c"
   1:modules/drivers/power/power.c **** #include "power.h"
   2:modules/drivers/power/power.c **** 
   3:modules/drivers/power/power.c **** #include <stdint.h>
   4:modules/drivers/power/power.c **** 
   5:modules/drivers/power/power.c **** #include "powerRegisters.h"
   6:modules/drivers/power/power.c **** 
   7:modules/drivers/power/power.c **** /*Constants and macros*/
   8:modules/drivers/power/power.c **** #define REG_VAL(X) (*(volatile uint32_t*)X)
   9:modules/drivers/power/power.c **** 
  10:modules/drivers/power/power.c **** void powerSetVOS(PowerVOS_t mode)
  11:modules/drivers/power/power.c **** {
  30              		.loc 1 11 1 view -0
  31              		.cfi_startproc
  32              		@ args = 0, pretend = 0, frame = 0
  33              		@ frame_needed = 0, uses_anonymous_args = 0
  34              		@ link register save eliminated.
  12:modules/drivers/power/power.c ****     REG_VAL(POWER_PWR_CR) |= (mode << 14);
  35              		.loc 1 12 5 view .LVU1
  36              		.loc 1 12 27 is_stmt 0 view .LVU2
  37 0000 024A     		ldr	r2, .L2
  38 0002 1368     		ldr	r3, [r2]
  39 0004 43EA8030 		orr	r0, r3, r0, lsl #14
  40              	.LVL1:
  41              		.loc 1 12 27 view .LVU3
  42 0008 1060     		str	r0, [r2]
  13:modules/drivers/power/power.c **** }...
  43              		.loc 1 13 1 view .LVU4
  44 000a 7047     		bx	lr
  45              	.L3:
ARM GAS  /tmp/ccanCFPQ.s 			page 2


  46              		.align	2
  47              	.L2:
  48 000c 00700040 		.word	1073770496
  49              		.cfi_endproc
  50              	.LFE0:
  52              		.text
  53              	.Letext0:
  54              		.file 2 "modules/drivers/power/power.h"
  55              		.file 3 "/usr/lib/gcc/arm-none-eabi/8.3.1/include/stdint.h"
ARM GAS  /tmp/ccanCFPQ.s 			page 3


DEFINED SYMBOLS
                            *ABS*:0000000000000000 power.c
     /tmp/ccanCFPQ.s:18     .text.powerSetVOS:0000000000000000 $t
     /tmp/ccanCFPQ.s:26     .text.powerSetVOS:0000000000000000 powerSetVOS
     /tmp/ccanCFPQ.s:48     .text.powerSetVOS:000000000000000c $d

NO UNDEFINED SYMBOLS
